Using pre-set license
Built from '2020.3/release' branch; Version is '2020.3.31f1 (6b54b7616050) revision 7034039'; Using compiler version '192528614'; Build Type 'Release'
OS: 'Windows 10  (10.0.19043) 64bit CoreSingleLanguage' Language: 'en' Physical Memory: 15776 MB
BatchMode: 1, IsHumanControllingUs: 0, StartBugReporterOnCrash: 0, Is64bit: 1, IsPro: 0

COMMAND LINE ARGUMENTS:
C:\Program Files\Unity\Hub\Editor\2020.3.31f1\Editor\Unity.exe
-adb2
-batchMode
-noUpm
-name
AssetImportWorker0
-projectPath
E:/unity/p1/SpriteKnight
-logFile
Logs/AssetImportWorker0.log
-srvPort
5342
Successfully changed project path to: E:/unity/p1/SpriteKnight
E:/unity/p1/SpriteKnight
Using Asset Import Pipeline V2.
Refreshing native plugins compatible for Editor in 50.67 ms, found 3 plugins.
Preloading 0 native plugins for Editor in 0.00 ms.
Initialize engine version: 2020.3.31f1 (6b54b7616050)
[Subsystems] Discovering subsystems at path C:/Program Files/Unity/Hub/Editor/2020.3.31f1/Editor/Data/Resources/UnitySubsystems
[Subsystems] Discovering subsystems at path E:/unity/p1/SpriteKnight/Assets
GfxDevice: creating device client; threaded=0
Direct3D:
    Version:  Direct3D 11.0 [level 11.1]
    Renderer: NVIDIA GeForce RTX 3050 Ti Laptop GPU (ID=0x25a0)
    Vendor:   
    VRAM:     3990 MB
    Driver:   30.0.15.1123
Initialize mono
Mono path[0] = 'C:/Program Files/Unity/Hub/Editor/2020.3.31f1/Editor/Data/Managed'
Mono path[1] = 'C:/Program Files/Unity/Hub/Editor/2020.3.31f1/Editor/Data/MonoBleedingEdge/lib/mono/unityjit'
Mono config path = 'C:/Program Files/Unity/Hub/Editor/2020.3.31f1/Editor/Data/MonoBleedingEdge/etc'
Using monoOptions --debugger-agent=transport=dt_socket,embedding=1,server=y,suspend=n,address=127.0.0.1:56168
Begin MonoManager ReloadAssembly
Registering precompiled unity dll's ...
Register platform support module: C:/Program Files/Unity/Hub/Editor/2020.3.31f1/Editor/Data/PlaybackEngines/WebGLSupport/UnityEditor.WebGL.Extensions.dll
Register platform support module: C:/Program Files/Unity/Hub/Editor/2020.3.31f1/Editor/Data/PlaybackEngines/WindowsStandaloneSupport/UnityEditor.WindowsStandalone.Extensions.dll
Registered in 0.004025 seconds.
Native extension for WindowsStandalone target not found
Native extension for WebGL target not found
Refreshing native plugins compatible for Editor in 45.09 ms, found 3 plugins.
Preloading 0 native plugins for Editor in 0.00 ms.
Mono: successfully reloaded assembly
- Completed reload, in  0.625 seconds
Domain Reload Profiling:
	ReloadAssembly (625ms)
		BeginReloadAssembly (94ms)
			ExecutionOrderSort (0ms)
			DisableScriptedObjects (0ms)
			BackupInstance (0ms)
			ReleaseScriptingObjects (0ms)
			CreateAndSetChildDomain (1ms)
		EndReloadAssembly (449ms)
			LoadAssemblies (91ms)
			RebuildTransferFunctionScriptingTraits (0ms)
			SetupTypeCache (144ms)
			ReleaseScriptCaches (0ms)
			RebuildScriptCaches (27ms)
			SetupLoadedEditorAssemblies (172ms)
				LogAssemblyErrors (0ms)
				InitializePlatformSupportModulesInManaged (6ms)
				SetLoadedEditorAssemblies (0ms)
				RefreshPlugins (45ms)
				BeforeProcessingInitializeOnLoad (8ms)
				ProcessInitializeOnLoadAttributes (84ms)
				ProcessInitializeOnLoadMethodAttributes (28ms)
				AfterProcessingInitializeOnLoad (0ms)
				EditorAssembliesLoaded (0ms)
			ExecutionOrderSort2 (0ms)
			AwakeInstancesAfterBackupRestoration (0ms)
Platform modules already initialized, skipping
Registering precompiled user dll's ...
Registered in 0.003878 seconds.
Begin MonoManager ReloadAssembly
Native extension for WindowsStandalone target not found
Native extension for WebGL target not found
Refreshing native plugins compatible for Editor in 46.29 ms, found 3 plugins.
Preloading 0 native plugins for Editor in 0.00 ms.
Mono: successfully reloaded assembly
- Completed reload, in  1.102 seconds
Domain Reload Profiling:
	ReloadAssembly (1104ms)
		BeginReloadAssembly (156ms)
			ExecutionOrderSort (0ms)
			DisableScriptedObjects (5ms)
			BackupInstance (0ms)
			ReleaseScriptingObjects (0ms)
			CreateAndSetChildDomain (20ms)
		EndReloadAssembly (885ms)
			LoadAssemblies (114ms)
			RebuildTransferFunctionScriptingTraits (0ms)
			SetupTypeCache (259ms)
			ReleaseScriptCaches (1ms)
			RebuildScriptCaches (43ms)
			SetupLoadedEditorAssemblies (380ms)
				LogAssemblyErrors (0ms)
				InitializePlatformSupportModulesInManaged (6ms)
				SetLoadedEditorAssemblies (0ms)
				RefreshPlugins (46ms)
				BeforeProcessingInitializeOnLoad (75ms)
				ProcessInitializeOnLoadAttributes (224ms)
				ProcessInitializeOnLoadMethodAttributes (17ms)
				AfterProcessingInitializeOnLoad (11ms)
				EditorAssembliesLoaded (0ms)
			ExecutionOrderSort2 (0ms)
			AwakeInstancesAfterBackupRestoration (7ms)
Platform modules already initialized, skipping
========================================================================
Worker process is ready to serve import requests
Launched and connected shader compiler UnityShaderCompiler.exe after 0.06 seconds
Refreshing native plugins compatible for Editor in 0.57 ms, found 3 plugins.
Preloading 0 native plugins for Editor in 0.00 ms.
Unloading 2249 Unused Serialized files (Serialized files now loaded: 0)
System memory in use before: 100.3 MB.
System memory in use after: 100.4 MB.

Unloading 25 unused Assets to reduce memory usage. Loaded Objects now: 2689.
Total: 3.199800 ms (FindLiveObjects: 0.161700 ms CreateObjectMapping: 0.075500 ms MarkObjects: 2.882700 ms  DeleteObjects: 0.079200 ms)

AssetImportParameters requested are different than current active one (requested -> active):
  custom:framework-win-MediaFoundation: 216162199b28c13a410421893ffa2e32 -> 
  custom:video-decoder-ogg-theora: a1e56fd34408186e4bbccfd4996cb3dc -> 
  custom:container-muxer-webm: aa71ff27fc2769a1b78a27578f13a17b -> 
  custom:container-demuxer-webm: 4f35f7cbe854078d1ac9338744f61a02 -> 
  custom:container-demuxer-ogg: 62fdf1f143b41e24485cea50d1cbac27 -> 
  custom:video-encoder-webm-vp8: eb34c28f22e8b96e1ab97ce403110664 -> 
  custom:video-codec-MediaFoundation-h265: 746d11721c4dcdbdad8f713fa42b33f4 -> 
  custom:video-decoder-webm-vp8: 9c59270c3fd7afecdb556c50c9e8de78 -> 
  custom:audio-decoder-ogg-vorbis: bf7c407c2cedff20999df2af8eb42d56 -> 
  custom:audio-encoder-webm-vorbis: bf7c407c2cedff20999df2af8eb42d56 -> 
========================================================================
Received Import Request.
  path: Assets/Characters/Monsters/Monsters/air005-Veravascorr_96x96.jpg
  artifactKey: Guid(095ac319b7c8e6c42a7d7503e1c98e91) Importer(815301076,1909f56bfc062723c751e8b465ee728b)
Start importing Assets/Characters/Monsters/Monsters/air005-Veravascorr_96x96.jpg using Guid(095ac319b7c8e6c42a7d7503e1c98e91) Importer(815301076,1909f56bfc062723c751e8b465ee728b)  -> (artifact id: 'fe3fa3d161f18f440186bd6079400673') in 0.132598 seconds 
========================================================================
Received Import Request.
  Time since last request: 0.000206 seconds.
  path: Assets/Characters/Monsters/Monsters/air002-Dreamludd_96x96.jpg
  artifactKey: Guid(f894f1f7933fdc1458a2742e4af0530b) Importer(815301076,1909f56bfc062723c751e8b465ee728b)
Start importing Assets/Characters/Monsters/Monsters/air002-Dreamludd_96x96.jpg using Guid(f894f1f7933fdc1458a2742e4af0530b) Importer(815301076,1909f56bfc062723c751e8b465ee728b)  -> (artifact id: 'a5bf9d0dd7248d6074f569168a19a60b') in 0.011299 seconds 
========================================================================
Received Import Request.
  Time since last request: 0.000213 seconds.
  path: Assets/Characters/Monsters/Monsters/air002-MulDream_96x96.jpg
  artifactKey: Guid(a83a445301c99c94f9106cc28904b183) Importer(815301076,1909f56bfc062723c751e8b465ee728b)
Start importing Assets/Characters/Monsters/Monsters/air002-MulDream_96x96.jpg using Guid(a83a445301c99c94f9106cc28904b183) Importer(815301076,1909f56bfc062723c751e8b465ee728b)  -> (artifact id: '41aac8041d26a662a4b5c2a2ccc451f7') in 0.012840 seconds 
========================================================================
Received Import Request.
  Time since last request: 0.000221 seconds.
  path: Assets/Characters/Monsters/Monsters/air003-Ashgaroth_96x96.jpg
  artifactKey: Guid(6c53fb0147181dc4a844d3965f708ca2) Importer(815301076,1909f56bfc062723c751e8b465ee728b)
Start importing Assets/Characters/Monsters/Monsters/air003-Ashgaroth_96x96.jpg using Guid(6c53fb0147181dc4a844d3965f708ca2) Importer(815301076,1909f56bfc062723c751e8b465ee728b)  -> (artifact id: '65c358647d2b136a7f62dffd1d0a2fe0') in 0.010211 seconds 
========================================================================
Received Import Request.
  Time since last request: 0.000245 seconds.
  path: Assets/Characters/Monsters/Monsters/air007-Poblade_96x96.jpg
  artifactKey: Guid(46e8463b821c51448a0e8b8b6e9bb4ce) Importer(815301076,1909f56bfc062723c751e8b465ee728b)
Start importing Assets/Characters/Monsters/Monsters/air007-Poblade_96x96.jpg using Guid(46e8463b821c51448a0e8b8b6e9bb4ce) Importer(815301076,1909f56bfc062723c751e8b465ee728b)  -> (artifact id: '27a22cc0c6cbb35e6ab219d018297d8c') in 0.011473 seconds 
========================================================================
Received Import Request.
  Time since last request: 0.000233 seconds.
  path: Assets/Characters/Monsters/Monsters
  artifactKey: Guid(4f96a5771109dbb4999f516c56d28852) Importer(815301076,1909f56bfc062723c751e8b465ee728b)
Start importing Assets/Characters/Monsters/Monsters using Guid(4f96a5771109dbb4999f516c56d28852) Importer(815301076,1909f56bfc062723c751e8b465ee728b)  -> (artifact id: '559cb425a6a2866b34d9dba31a9e669e') in 0.002476 seconds 
========================================================================
Received Import Request.
  Time since last request: 0.000195 seconds.
  path: Assets/Characters/Monsters/Monsters/air001-Agyvogh_96x96.jpg
  artifactKey: Guid(6bdb4398341aaa343adcfeaab30d7473) Importer(815301076,1909f56bfc062723c751e8b465ee728b)
Start importing Assets/Characters/Monsters/Monsters/air001-Agyvogh_96x96.jpg using Guid(6bdb4398341aaa343adcfeaab30d7473) Importer(815301076,1909f56bfc062723c751e8b465ee728b)  -> (artifact id: 'ebe14979f61e2cea1c10191afbe50b0e') in 0.010784 seconds 
========================================================================
Received Import Request.
  Time since last request: 0.000253 seconds.
  path: Assets/Characters/Monsters/Monsters/air001-Baacklaal_96x96.jpg
  artifactKey: Guid(45b981ef5ea9aa64f8b0996c4bfe4b5d) Importer(815301076,1909f56bfc062723c751e8b465ee728b)
Start importing Assets/Characters/Monsters/Monsters/air001-Baacklaal_96x96.jpg using Guid(45b981ef5ea9aa64f8b0996c4bfe4b5d) Importer(815301076,1909f56bfc062723c751e8b465ee728b)  -> (artifact id: '2c20f3599cfd62c2e76553e59fe8cc1c') in 0.010628 seconds 
AssetImportWorkerClient::OnTransportError - code=2 error=End of file
